android/app/build/intermediates/manifest_merge_blame_file/release/manifest-merger-blame-release-report.txt
1<?xml version="1.0" encoding="utf-8"?>
2<manifest xmlns:android="http://schemas.android.com/apk/res/android"
3    package="com.mobileowner"
4    android:versionCode="1"
5    android:versionName="1.0" >
6
7    <uses-sdk
8        android:minSdkVersion="21"
8-->src/main/AndroidManifest.xml
9        android:targetSdkVersion="31" />
9-->src/main/AndroidManifest.xml
10
11    <uses-permission android:name="android.permission.INTERNET" />
11-->src/main/AndroidManifest.xml:5:5-67
11-->src/main/AndroidManifest.xml:5:22-64
12    <uses-permission android:name="android.permission.ACCESS_FINE_LOCATION" />
12-->src/main/AndroidManifest.xml:6:5-79
12-->src/main/AndroidManifest.xml:6:22-76
13    <uses-permission android:name="android.permission.ACCESS_COARSE_LOCATION" />
13-->[:react-native-get-location] AndroidManifest.xml:9:5-81
13-->[:react-native-get-location] AndroidManifest.xml:9:22-78
14
15    <uses-feature
15-->[com.mapbox.mapboxsdk:mapbox-android-sdk:9.7.1] AndroidManifest.xml:9:5-11:35
16        android:glEsVersion="0x00020000"
16-->[com.mapbox.mapboxsdk:mapbox-android-sdk:9.7.1] AndroidManifest.xml:10:9-41
17        android:required="true" />
17-->[com.mapbox.mapboxsdk:mapbox-android-sdk:9.7.1] AndroidManifest.xml:11:9-32
18    <uses-feature
18-->[com.mapbox.mapboxsdk:mapbox-android-sdk:9.7.1] AndroidManifest.xml:12:5-14:36
19        android:name="android.hardware.wifi"
19-->[com.mapbox.mapboxsdk:mapbox-android-sdk:9.7.1] AndroidManifest.xml:13:9-45
20        android:required="false" />
20-->[com.mapbox.mapboxsdk:mapbox-android-sdk:9.7.1] AndroidManifest.xml:14:9-33
21
22    <uses-permission android:name="android.permission.ACCESS_NETWORK_STATE" />
22-->[com.mapbox.mapboxsdk:mapbox-android-sdk:9.7.1] AndroidManifest.xml:17:5-79
22-->[com.mapbox.mapboxsdk:mapbox-android-sdk:9.7.1] AndroidManifest.xml:17:22-76
23    <uses-permission android:name="android.permission.ACCESS_WIFI_STATE" /> <!-- Required for CrashReporterJobIntentService on API levels below 25 -->
23-->[com.mapbox.mapboxsdk:mapbox-android-sdk:9.7.1] AndroidManifest.xml:18:5-76
23-->[com.mapbox.mapboxsdk:mapbox-android-sdk:9.7.1] AndroidManifest.xml:18:22-73
24    <uses-permission android:name="android.permission.WAKE_LOCK" />
24-->[com.mapbox.mapboxsdk:mapbox-android-telemetry-okhttp3:8.1.0] AndroidManifest.xml:12:5-68
24-->[com.mapbox.mapboxsdk:mapbox-android-telemetry-okhttp3:8.1.0] AndroidManifest.xml:12:22-65
25    <uses-permission
25-->[com.mapbox.mapboxsdk:mapbox-android-telemetry-okhttp3:8.1.0] AndroidManifest.xml:16:5-18:38
26        android:name="android.permission.GET_TASKS"
26-->[com.mapbox.mapboxsdk:mapbox-android-telemetry-okhttp3:8.1.0] AndroidManifest.xml:17:9-52
27        android:maxSdkVersion="20" />
27-->[com.mapbox.mapboxsdk:mapbox-android-telemetry-okhttp3:8.1.0] AndroidManifest.xml:18:9-35
28
29    <queries>
29-->[com.google.android.gms:play-services-maps:18.0.2] AndroidManifest.xml:30:5-34:15
30
31        <!-- Needs to be explicitly declared on Android R+ -->
32        <package android:name="com.google.android.apps.maps" />
32-->[com.google.android.gms:play-services-maps:18.0.2] AndroidManifest.xml:33:9-64
32-->[com.google.android.gms:play-services-maps:18.0.2] AndroidManifest.xml:33:18-61
33    </queries>
34
35    <uses-permission android:name="android.permission.RECEIVE_BOOT_COMPLETED" />
35-->[androidx.work:work-runtime:2.7.1] AndroidManifest.xml:27:5-81
35-->[androidx.work:work-runtime:2.7.1] AndroidManifest.xml:27:22-78
36    <uses-permission android:name="android.permission.FOREGROUND_SERVICE" />
36-->[androidx.work:work-runtime:2.7.1] AndroidManifest.xml:28:5-77
36-->[androidx.work:work-runtime:2.7.1] AndroidManifest.xml:28:22-74
37
38    <application
38-->src/main/AndroidManifest.xml:8:5-30:19
39        android:name="com.mobileowner.MainApplication"
39-->src/main/AndroidManifest.xml:9:7-38
40        android:allowBackup="false"
40-->src/main/AndroidManifest.xml:13:7-34
41        android:appComponentFactory="androidx.core.app.CoreComponentFactory"
41-->[androidx.core:core:1.6.0] AndroidManifest.xml:24:18-86
42        android:icon="@mipmap/ic_launcher"
42-->src/main/AndroidManifest.xml:11:7-41
43        android:label="@string/app_name"
43-->src/main/AndroidManifest.xml:10:7-39
44        android:roundIcon="@mipmap/ic_launcher_round"
44-->src/main/AndroidManifest.xml:12:7-52
45        android:theme="@style/AppTheme"
45-->src/main/AndroidManifest.xml:14:7-38
46        android:usesCleartextTraffic="true" >
46-->src/main/AndroidManifest.xml:15:7-42
47        <activity
47-->src/main/AndroidManifest.xml:16:7-29:18
48            android:name="com.mobileowner.MainActivity"
48-->src/main/AndroidManifest.xml:17:9-37
49            android:configChanges="keyboard|keyboardHidden|orientation|screenLayout|screenSize|smallestScreenSize|uiMode"
49-->src/main/AndroidManifest.xml:19:9-118
50            android:exported="true"
50-->src/main/AndroidManifest.xml:22:9-32
51            android:label="@string/app_name"
51-->src/main/AndroidManifest.xml:18:9-41
52            android:launchMode="singleTask"
52-->src/main/AndroidManifest.xml:20:9-40
53            android:usesCleartextTraffic="true"
53-->src/main/AndroidManifest.xml:23:9-44
54            android:windowSoftInputMode="adjustResize" >
54-->src/main/AndroidManifest.xml:21:9-51
55            <intent-filter>
55-->src/main/AndroidManifest.xml:25:9-28:25
56                <action android:name="android.intent.action.MAIN" />
56-->src/main/AndroidManifest.xml:26:13-65
56-->src/main/AndroidManifest.xml:26:21-62
57
58                <category android:name="android.intent.category.LAUNCHER" />
58-->src/main/AndroidManifest.xml:27:13-73
58-->src/main/AndroidManifest.xml:27:23-70
59            </intent-filter>
60        </activity>
61
62        <provider
62-->[com.mapbox.mapboxsdk:mapbox-android-telemetry-okhttp3:8.1.0] AndroidManifest.xml:21:9-25:39
63            android:name="com.mapbox.android.telemetry.provider.MapboxTelemetryInitProvider"
63-->[com.mapbox.mapboxsdk:mapbox-android-telemetry-okhttp3:8.1.0] AndroidManifest.xml:22:13-93
64            android:authorities="com.mobileowner.mapboxtelemetryinitprovider"
64-->[com.mapbox.mapboxsdk:mapbox-android-telemetry-okhttp3:8.1.0] AndroidManifest.xml:23:13-79
65            android:exported="false"
65-->[com.mapbox.mapboxsdk:mapbox-android-telemetry-okhttp3:8.1.0] AndroidManifest.xml:24:13-37
66            android:initOrder="100" />
66-->[com.mapbox.mapboxsdk:mapbox-android-telemetry-okhttp3:8.1.0] AndroidManifest.xml:25:13-36
67
68        <service
68-->[com.mapbox.mapboxsdk:mapbox-android-telemetry-okhttp3:8.1.0] AndroidManifest.xml:27:9-30:72
69            android:name="com.mapbox.android.telemetry.errors.ErrorReporterJobIntentService"
69-->[com.mapbox.mapboxsdk:mapbox-android-telemetry-okhttp3:8.1.0] AndroidManifest.xml:28:13-93
70            android:exported="false"
70-->[com.mapbox.mapboxsdk:mapbox-android-telemetry-okhttp3:8.1.0] AndroidManifest.xml:29:13-37
71            android:permission="android.permission.BIND_JOB_SERVICE" />
71-->[com.mapbox.mapboxsdk:mapbox-android-telemetry-okhttp3:8.1.0] AndroidManifest.xml:30:13-69
72        <service
72-->[com.mapbox.mapboxsdk:mapbox-android-telemetry-okhttp3:8.1.0] AndroidManifest.xml:31:9-33:40
73            android:name="com.mapbox.android.telemetry.MapboxTelemetryService"
73-->[com.mapbox.mapboxsdk:mapbox-android-telemetry-okhttp3:8.1.0] AndroidManifest.xml:32:13-79
74            android:exported="false" /> <!-- Needs to be explicitly declared on P+ -->
74-->[com.mapbox.mapboxsdk:mapbox-android-telemetry-okhttp3:8.1.0] AndroidManifest.xml:33:13-37
75        <uses-library
75-->[com.google.android.gms:play-services-maps:18.0.2] AndroidManifest.xml:39:9-41:40
76            android:name="org.apache.http.legacy"
76-->[com.google.android.gms:play-services-maps:18.0.2] AndroidManifest.xml:40:13-50
77            android:required="false" />
77-->[com.google.android.gms:play-services-maps:18.0.2] AndroidManifest.xml:41:13-37
78
79        <activity
79-->[com.google.android.gms:play-services-base:18.0.1] AndroidManifest.xml:20:9-22:45
80            android:name="com.google.android.gms.common.api.GoogleApiActivity"
80-->[com.google.android.gms:play-services-base:18.0.1] AndroidManifest.xml:20:19-85
81            android:exported="false"
81-->[com.google.android.gms:play-services-base:18.0.1] AndroidManifest.xml:22:19-43
82            android:theme="@android:style/Theme.Translucent.NoTitleBar" />
82-->[com.google.android.gms:play-services-base:18.0.1] AndroidManifest.xml:21:19-78
83
84        <meta-data
84-->[com.google.android.gms:play-services-basement:18.0.0] AndroidManifest.xml:21:9-23:69
85            android:name="com.google.android.gms.version"
85-->[com.google.android.gms:play-services-basement:18.0.0] AndroidManifest.xml:22:13-58
86            android:value="@integer/google_play_services_version" />
86-->[com.google.android.gms:play-services-basement:18.0.0] AndroidManifest.xml:23:13-66
87
88        <provider
88-->[androidx.work:work-runtime:2.7.1] AndroidManifest.xml:31:9-39:20
89            android:name="androidx.startup.InitializationProvider"
89-->[androidx.work:work-runtime:2.7.1] AndroidManifest.xml:32:13-67
90            android:authorities="com.mobileowner.androidx-startup"
90-->[androidx.work:work-runtime:2.7.1] AndroidManifest.xml:33:13-68
91            android:exported="false" >
91-->[androidx.work:work-runtime:2.7.1] AndroidManifest.xml:34:13-37
92            <meta-data
92-->[androidx.work:work-runtime:2.7.1] AndroidManifest.xml:36:13-38:52
93                android:name="androidx.work.WorkManagerInitializer"
93-->[androidx.work:work-runtime:2.7.1] AndroidManifest.xml:37:17-68
94                android:value="androidx.startup" />
94-->[androidx.work:work-runtime:2.7.1] AndroidManifest.xml:38:17-49
95        </provider>
96
97        <service
97-->[androidx.work:work-runtime:2.7.1] AndroidManifest.xml:41:9-46:35
98            android:name="androidx.work.impl.background.systemalarm.SystemAlarmService"
98-->[androidx.work:work-runtime:2.7.1] AndroidManifest.xml:42:13-88
99            android:directBootAware="false"
99-->[androidx.work:work-runtime:2.7.1] AndroidManifest.xml:43:13-44
100            android:enabled="@bool/enable_system_alarm_service_default"
100-->[androidx.work:work-runtime:2.7.1] AndroidManifest.xml:44:13-72
101            android:exported="false" />
101-->[androidx.work:work-runtime:2.7.1] AndroidManifest.xml:45:13-37
102        <service
102-->[androidx.work:work-runtime:2.7.1] AndroidManifest.xml:47:9-53:35
103            android:name="androidx.work.impl.background.systemjob.SystemJobService"
103-->[androidx.work:work-runtime:2.7.1] AndroidManifest.xml:48:13-84
104            android:directBootAware="false"
104-->[androidx.work:work-runtime:2.7.1] AndroidManifest.xml:49:13-44
105            android:enabled="@bool/enable_system_job_service_default"
105-->[androidx.work:work-runtime:2.7.1] AndroidManifest.xml:50:13-70
106            android:exported="true"
106-->[androidx.work:work-runtime:2.7.1] AndroidManifest.xml:51:13-36
107            android:permission="android.permission.BIND_JOB_SERVICE" />
107-->[androidx.work:work-runtime:2.7.1] AndroidManifest.xml:52:13-69
108        <service
108-->[androidx.work:work-runtime:2.7.1] AndroidManifest.xml:54:9-59:35
109            android:name="androidx.work.impl.foreground.SystemForegroundService"
109-->[androidx.work:work-runtime:2.7.1] AndroidManifest.xml:55:13-81
110            android:directBootAware="false"
110-->[androidx.work:work-runtime:2.7.1] AndroidManifest.xml:56:13-44
111            android:enabled="@bool/enable_system_foreground_service_default"
111-->[androidx.work:work-runtime:2.7.1] AndroidManifest.xml:57:13-77
112            android:exported="false" />
112-->[androidx.work:work-runtime:2.7.1] AndroidManifest.xml:58:13-37
113
114        <receiver
114-->[androidx.work:work-runtime:2.7.1] AndroidManifest.xml:61:9-66:35
115            android:name="androidx.work.impl.utils.ForceStopRunnable$BroadcastReceiver"
115-->[androidx.work:work-runtime:2.7.1] AndroidManifest.xml:62:13-88
116            android:directBootAware="false"
116-->[androidx.work:work-runtime:2.7.1] AndroidManifest.xml:63:13-44
117            android:enabled="true"
117-->[androidx.work:work-runtime:2.7.1] AndroidManifest.xml:64:13-35
118            android:exported="false" />
118-->[androidx.work:work-runtime:2.7.1] AndroidManifest.xml:65:13-37
119        <receiver
119-->[androidx.work:work-runtime:2.7.1] AndroidManifest.xml:67:9-77:20
120            android:name="androidx.work.impl.background.systemalarm.ConstraintProxy$BatteryChargingProxy"
120-->[androidx.work:work-runtime:2.7.1] AndroidManifest.xml:68:13-106
121            android:directBootAware="false"
121-->[androidx.work:work-runtime:2.7.1] AndroidManifest.xml:69:13-44
122            android:enabled="false"
122-->[androidx.work:work-runtime:2.7.1] AndroidManifest.xml:70:13-36
123            android:exported="false" >
123-->[androidx.work:work-runtime:2.7.1] AndroidManifest.xml:71:13-37
124            <intent-filter>
124-->[androidx.work:work-runtime:2.7.1] AndroidManifest.xml:73:13-76:29
125                <action android:name="android.intent.action.ACTION_POWER_CONNECTED" />
125-->[androidx.work:work-runtime:2.7.1] AndroidManifest.xml:74:17-87
125-->[androidx.work:work-runtime:2.7.1] AndroidManifest.xml:74:25-84
126                <action android:name="android.intent.action.ACTION_POWER_DISCONNECTED" />
126-->[androidx.work:work-runtime:2.7.1] AndroidManifest.xml:75:17-90
126-->[androidx.work:work-runtime:2.7.1] AndroidManifest.xml:75:25-87
127            </intent-filter>
128        </receiver>
129        <receiver
129-->[androidx.work:work-runtime:2.7.1] AndroidManifest.xml:78:9-88:20
130            android:name="androidx.work.impl.background.systemalarm.ConstraintProxy$BatteryNotLowProxy"
130-->[androidx.work:work-runtime:2.7.1] AndroidManifest.xml:79:13-104
131            android:directBootAware="false"
131-->[androidx.work:work-runtime:2.7.1] AndroidManifest.xml:80:13-44
132            android:enabled="false"
132-->[androidx.work:work-runtime:2.7.1] AndroidManifest.xml:81:13-36
133            android:exported="false" >
133-->[androidx.work:work-runtime:2.7.1] AndroidManifest.xml:82:13-37
134            <intent-filter>
134-->[androidx.work:work-runtime:2.7.1] AndroidManifest.xml:84:13-87:29
135                <action android:name="android.intent.action.BATTERY_OKAY" />
135-->[androidx.work:work-runtime:2.7.1] AndroidManifest.xml:85:17-77
135-->[androidx.work:work-runtime:2.7.1] AndroidManifest.xml:85:25-74
136                <action android:name="android.intent.action.BATTERY_LOW" />
136-->[androidx.work:work-runtime:2.7.1] AndroidManifest.xml:86:17-76
136-->[androidx.work:work-runtime:2.7.1] AndroidManifest.xml:86:25-73
137            </intent-filter>
138        </receiver>
139        <receiver
139-->[androidx.work:work-runtime:2.7.1] AndroidManifest.xml:89:9-99:20
140            android:name="androidx.work.impl.background.systemalarm.ConstraintProxy$StorageNotLowProxy"
140-->[androidx.work:work-runtime:2.7.1] AndroidManifest.xml:90:13-104
141            android:directBootAware="false"
141-->[androidx.work:work-runtime:2.7.1] AndroidManifest.xml:91:13-44
142            android:enabled="false"
142-->[androidx.work:work-runtime:2.7.1] AndroidManifest.xml:92:13-36
143            android:exported="false" >
143-->[androidx.work:work-runtime:2.7.1] AndroidManifest.xml:93:13-37
144            <intent-filter>
144-->[androidx.work:work-runtime:2.7.1] AndroidManifest.xml:95:13-98:29
145                <action android:name="android.intent.action.DEVICE_STORAGE_LOW" />
145-->[androidx.work:work-runtime:2.7.1] AndroidManifest.xml:96:17-83
145-->[androidx.work:work-runtime:2.7.1] AndroidManifest.xml:96:25-80
146                <action android:name="android.intent.action.DEVICE_STORAGE_OK" />
146-->[androidx.work:work-runtime:2.7.1] AndroidManifest.xml:97:17-82
146-->[androidx.work:work-runtime:2.7.1] AndroidManifest.xml:97:25-79
147            </intent-filter>
148        </receiver>
149        <receiver
149-->[androidx.work:work-runtime:2.7.1] AndroidManifest.xml:100:9-109:20
150            android:name="androidx.work.impl.background.systemalarm.ConstraintProxy$NetworkStateProxy"
150-->[androidx.work:work-runtime:2.7.1] AndroidManifest.xml:101:13-103
151            android:directBootAware="false"
151-->[androidx.work:work-runtime:2.7.1] AndroidManifest.xml:102:13-44
152            android:enabled="false"
152-->[androidx.work:work-runtime:2.7.1] AndroidManifest.xml:103:13-36
153            android:exported="false" >
153-->[androidx.work:work-runtime:2.7.1] AndroidManifest.xml:104:13-37
154            <intent-filter>
154-->[androidx.work:work-runtime:2.7.1] AndroidManifest.xml:106:13-108:29
155                <action android:name="android.net.conn.CONNECTIVITY_CHANGE" />
155-->[androidx.work:work-runtime:2.7.1] AndroidManifest.xml:107:17-79
155-->[androidx.work:work-runtime:2.7.1] AndroidManifest.xml:107:25-76
156            </intent-filter>
157        </receiver>
158        <receiver
158-->[androidx.work:work-runtime:2.7.1] AndroidManifest.xml:110:9-121:20
159            android:name="androidx.work.impl.background.systemalarm.RescheduleReceiver"
159-->[androidx.work:work-runtime:2.7.1] AndroidManifest.xml:111:13-88
160            android:directBootAware="false"
160-->[androidx.work:work-runtime:2.7.1] AndroidManifest.xml:112:13-44
161            android:enabled="false"
161-->[androidx.work:work-runtime:2.7.1] AndroidManifest.xml:113:13-36
162            android:exported="false" >
162-->[androidx.work:work-runtime:2.7.1] AndroidManifest.xml:114:13-37
163            <intent-filter>
163-->[androidx.work:work-runtime:2.7.1] AndroidManifest.xml:116:13-120:29
164                <action android:name="android.intent.action.BOOT_COMPLETED" />
164-->[androidx.work:work-runtime:2.7.1] AndroidManifest.xml:117:17-79
164-->[androidx.work:work-runtime:2.7.1] AndroidManifest.xml:117:25-76
165                <action android:name="android.intent.action.TIME_SET" />
165-->[androidx.work:work-runtime:2.7.1] AndroidManifest.xml:118:17-73
165-->[androidx.work:work-runtime:2.7.1] AndroidManifest.xml:118:25-70
166                <action android:name="android.intent.action.TIMEZONE_CHANGED" />
166-->[androidx.work:work-runtime:2.7.1] AndroidManifest.xml:119:17-81
166-->[androidx.work:work-runtime:2.7.1] AndroidManifest.xml:119:25-78
167            </intent-filter>
168        </receiver>
169        <receiver
169-->[androidx.work:work-runtime:2.7.1] AndroidManifest.xml:122:9-131:20
170            android:name="androidx.work.impl.background.systemalarm.ConstraintProxyUpdateReceiver"
170-->[androidx.work:work-runtime:2.7.1] AndroidManifest.xml:123:13-99
171            android:directBootAware="false"
171-->[androidx.work:work-runtime:2.7.1] AndroidManifest.xml:124:13-44
172            android:enabled="@bool/enable_system_alarm_service_default"
172-->[androidx.work:work-runtime:2.7.1] AndroidManifest.xml:125:13-72
173            android:exported="false" >
173-->[androidx.work:work-runtime:2.7.1] AndroidManifest.xml:126:13-37
174            <intent-filter>
174-->[androidx.work:work-runtime:2.7.1] AndroidManifest.xml:128:13-130:29
175                <action android:name="androidx.work.impl.background.systemalarm.UpdateProxies" />
175-->[androidx.work:work-runtime:2.7.1] AndroidManifest.xml:129:17-98
175-->[androidx.work:work-runtime:2.7.1] AndroidManifest.xml:129:25-95
176            </intent-filter>
177        </receiver>
178        <receiver
178-->[androidx.work:work-runtime:2.7.1] AndroidManifest.xml:132:9-142:20
179            android:name="androidx.work.impl.diagnostics.DiagnosticsReceiver"
179-->[androidx.work:work-runtime:2.7.1] AndroidManifest.xml:133:13-78
180            android:directBootAware="false"
180-->[androidx.work:work-runtime:2.7.1] AndroidManifest.xml:134:13-44
181            android:enabled="true"
181-->[androidx.work:work-runtime:2.7.1] AndroidManifest.xml:135:13-35
182            android:exported="true"
182-->[androidx.work:work-runtime:2.7.1] AndroidManifest.xml:136:13-36
183            android:permission="android.permission.DUMP" >
183-->[androidx.work:work-runtime:2.7.1] AndroidManifest.xml:137:13-57
184            <intent-filter>
184-->[androidx.work:work-runtime:2.7.1] AndroidManifest.xml:139:13-141:29
185                <action android:name="androidx.work.diagnostics.REQUEST_DIAGNOSTICS" />
185-->[androidx.work:work-runtime:2.7.1] AndroidManifest.xml:140:17-88
185-->[androidx.work:work-runtime:2.7.1] AndroidManifest.xml:140:25-85
186            </intent-filter>
187        </receiver>
188
189        <service
189-->[androidx.room:room-runtime:2.2.5] AndroidManifest.xml:25:9-28:40
190            android:name="androidx.room.MultiInstanceInvalidationService"
190-->[androidx.room:room-runtime:2.2.5] AndroidManifest.xml:26:13-74
191            android:directBootAware="true"
191-->[androidx.room:room-runtime:2.2.5] AndroidManifest.xml:27:13-43
192            android:exported="false" />
192-->[androidx.room:room-runtime:2.2.5] AndroidManifest.xml:28:13-37
193    </application>
194
195</manifest>